2020-10-04 00:40:04.826  INFO 16168 --- [main] lavalink.server.Launcher                 : 

[32m       .  [31m _                  _ _       _    [32m__ _ _
[32m      /\\ [31m| | __ ___   ____ _| (_)_ __ | | __[32m\ \ \ \
[32m     ( ( )[31m| |/ _` \ \ / / _` | | | '_ \| |/ /[32m \ \ \ \
[32m      \\/ [31m| | (_| |\ V / (_| | | | | | |   < [32m  ) ) ) )
[32m       '  [31m|_|\__,_| \_/ \__,_|_|_|_| |_|_|\_\[32m / / / /
[0m    =========================================[32m/_/_/_/[0m

	Version:        3.3.1.3
	Build:          1102
	Build time:     29.09.2020 12:12:31 UTC
	Branch          master
	Commit:         39b243f
	Commit time:    29.09.2020 10:25:53 UTC
	JVM:            13
	Lavaplayer      1.3.53

2020-10-04 00:40:04.972  INFO 16168 --- [main] lavalink.server.Launcher                 : Starting Launcher on PC-GABRIEL with PID 16168 (D:\Bureau\PlumeBotJS\Lavalink.jar started by Gabriel in D:\Bureau\PlumeBotJS)
2020-10-04 00:40:04.973  INFO 16168 --- [main] lavalink.server.Launcher                 : No active profile set, falling back to default profiles: default
2020-10-04 00:40:05.052  WARN 16168 --- [background-preinit] o.s.h.c.j.Jackson2ObjectMapperBuilder    : For Jackson Kotlin classes support please add "com.fasterxml.jackson.module:jackson-module-kotlin" to the classpath
2020-10-04 00:40:06.909  WARN 16168 --- [main] io.undertow.websockets.jsr               : UT026010: Buffer pool was not set on WebSocketDeploymentInfo, the default pool will be used
2020-10-04 00:40:06.937  INFO 16168 --- [main] io.undertow.servlet                      : Initializing Spring embedded WebApplicationContext
2020-10-04 00:40:06.937  INFO 16168 --- [main] o.s.web.context.ContextLoader            : Root WebApplicationContext: initialization completed in 1903 ms
2020-10-04 00:40:07.354  WARN 16168 --- [main] l.server.config.SentryConfiguration      : Turning off sentry
2020-10-04 00:40:07.366  INFO 16168 --- [main] l.s.c.AudioSendFactoryConfiguration      : OS: Windows 10, Arch: amd64
2020-10-04 00:40:07.368  INFO 16168 --- [main] l.s.c.AudioSendFactoryConfiguration      : JDA-NAS supported system detected. Enabled native audio sending.
2020-10-04 00:40:07.369  INFO 16168 --- [main] l.s.c.AudioSendFactoryConfiguration      : Setting buffer to 400ms
2020-10-04 00:40:07.370  INFO 16168 --- [main] l.s.c.AudioSendFactoryConfiguration      : Setting playlist load limit to 6
2020-10-04 00:40:07.706  INFO 16168 --- [main] c.s.d.l.tools.GarbageCollectionMonitor   : GC monitoring enabled, reporting results every 2 minutes.
2020-10-04 00:40:08.288  INFO 16168 --- [main] o.s.s.concurrent.ThreadPoolTaskExecutor  : Initializing ExecutorService 'applicationTaskExecutor'
2020-10-04 00:40:08.634  INFO 16168 --- [main] org.xnio                                 : XNIO version 3.3.8.Final
2020-10-04 00:40:08.649  INFO 16168 --- [main] org.xnio.nio                             : XNIO NIO Implementation Version 3.3.8.Final
2020-10-04 00:40:08.933  INFO 16168 --- [main] o.s.b.w.e.u.UndertowServletWebServer     : Undertow started on port(s) 8000 (http) with context path ''
2020-10-04 00:40:08.939  INFO 16168 --- [main] lavalink.server.Launcher                 : Started Launcher in 4.842 seconds (JVM running for 5.55)
2020-10-04 13:21:55.198  INFO 1764 --- [main] lavalink.server.Launcher                 : 

[32m       .  [31m _                  _ _       _    [32m__ _ _
[32m      /\\ [31m| | __ ___   ____ _| (_)_ __ | | __[32m\ \ \ \
[32m     ( ( )[31m| |/ _` \ \ / / _` | | | '_ \| |/ /[32m \ \ \ \
[32m      \\/ [31m| | (_| |\ V / (_| | | | | | |   < [32m  ) ) ) )
[32m       '  [31m|_|\__,_| \_/ \__,_|_|_|_| |_|_|\_\[32m / / / /
[0m    =========================================[32m/_/_/_/[0m

	Version:        3.3.1.3
	Build:          1102
	Build time:     29.09.2020 12:12:31 UTC
	Branch          master
	Commit:         39b243f
	Commit time:    29.09.2020 10:25:53 UTC
	JVM:            13
	Lavaplayer      1.3.53

2020-10-04 13:21:55.586  INFO 1764 --- [main] lavalink.server.Launcher                 : Starting Launcher on PC-GABRIEL with PID 1764 (D:\Bureau\PlumeBotJS\Lavalink.jar started by Gabriel in D:\Bureau\PlumeBotJS)
2020-10-04 13:21:55.588  INFO 1764 --- [main] lavalink.server.Launcher                 : No active profile set, falling back to default profiles: default
2020-10-04 13:21:55.695  WARN 1764 --- [background-preinit] o.s.h.c.j.Jackson2ObjectMapperBuilder    : For Jackson Kotlin classes support please add "com.fasterxml.jackson.module:jackson-module-kotlin" to the classpath
2020-10-04 13:21:57.905  WARN 1764 --- [main] io.undertow.websockets.jsr               : UT026010: Buffer pool was not set on WebSocketDeploymentInfo, the default pool will be used
2020-10-04 13:21:57.959  INFO 1764 --- [main] io.undertow.servlet                      : Initializing Spring embedded WebApplicationContext
2020-10-04 13:21:57.961  INFO 1764 --- [main] o.s.web.context.ContextLoader            : Root WebApplicationContext: initialization completed in 2304 ms
2020-10-04 13:21:58.608  WARN 1764 --- [main] l.server.config.SentryConfiguration      : Turning off sentry
2020-10-04 13:21:58.618  INFO 1764 --- [main] l.s.c.AudioSendFactoryConfiguration      : OS: Windows 10, Arch: amd64
2020-10-04 13:21:58.624  INFO 1764 --- [main] l.s.c.AudioSendFactoryConfiguration      : JDA-NAS supported system detected. Enabled native audio sending.
2020-10-04 13:21:58.627  INFO 1764 --- [main] l.s.c.AudioSendFactoryConfiguration      : Setting buffer to 400ms
2020-10-04 13:21:58.628  INFO 1764 --- [main] l.s.c.AudioSendFactoryConfiguration      : Setting playlist load limit to 6
2020-10-04 13:21:59.099  INFO 1764 --- [main] c.s.d.l.tools.GarbageCollectionMonitor   : GC monitoring enabled, reporting results every 2 minutes.
2020-10-04 13:21:59.658  INFO 1764 --- [main] o.s.s.concurrent.ThreadPoolTaskExecutor  : Initializing ExecutorService 'applicationTaskExecutor'
2020-10-04 13:22:00.158  INFO 1764 --- [main] org.xnio                                 : XNIO version 3.3.8.Final
2020-10-04 13:22:00.180  INFO 1764 --- [main] org.xnio.nio                             : XNIO NIO Implementation Version 3.3.8.Final
2020-10-04 13:22:00.430  INFO 1764 --- [main] o.s.b.w.e.u.UndertowServletWebServer     : Undertow started on port(s) 8000 (http) with context path ''
2020-10-04 13:22:00.435  INFO 1764 --- [main] lavalink.server.Launcher                 : Started Launcher in 6.102 seconds (JVM running for 7.512)
